<?xml version="1.0" encoding="UTF-8"?>
<testng-results skipped="0" failed="0" total="1" passed="1">
  <reporter-output>
  </reporter-output>
  <suite name="Suite" duration-ms="14" started-at="2015-07-24T07:14:33Z" finished-at="2015-07-24T07:14:33Z">
    <groups>
    </groups>
    <test name="Test" duration-ms="14" started-at="2015-07-24T07:14:33Z" finished-at="2015-07-24T07:14:33Z">
      <class name="JenkinsDemo.JenkinsDemo1">
        <test-method status="PASS" signature="jenkinsDemo()[pri:0, instance:JenkinsDemo.JenkinsDemo1@1bf0f793]" name="jenkinsDemo" duration-ms="5" started-at="2015-07-24T14:14:33Z" finished-at="2015-07-24T14:14:33Z">
          <reporter-output>
          </reporter-output>
        </test-method> <!-- jenkinsDemo -->
      </class> <!-- JenkinsDemo.JenkinsDemo1 -->
    </test> <!-- Test -->
  </suite> <!-- Suite -->
</testng-results>
